{"C:\\www\\app-freelancer\\backend\\src\\app.ts": {"path":"C:\\www\\app-freelancer\\backend\\src\\app.ts","all":true,"statementMap":{"0":{"start":{"line":1,"column":0},"end":{"line":1,"column":31}},"2":{"start":{"line":3,"column":0},"end":{"line":3,"column":32}},"3":{"start":{"line":4,"column":0},"end":{"line":4,"column":36}},"5":{"start":{"line":6,"column":0},"end":{"line":6,"column":23}},"6":{"start":{"line":7,"column":0},"end":{"line":7,"column":33}},"7":{"start":{"line":8,"column":0},"end":{"line":8,"column":4}},"9":{"start":{"line":10,"column":0},"end":{"line":10,"column":12}},"10":{"start":{"line":11,"column":0},"end":{"line":11,"column":1}}},"s":{"0":0,"2":0,"3":0,"5":0,"6":0,"7":0,"9":0,"10":0},"branchMap":{"0":{"type":"branch","line":1,"loc":{"start":{"line":1,"column":194},"end":{"line":11,"column":1}},"locations":[{"start":{"line":1,"column":194},"end":{"line":11,"column":1}}]}},"b":{"0":[0]},"fnMap":{"0":{"name":"(empty-report)","decl":{"start":{"line":1,"column":194},"end":{"line":11,"column":1}},"loc":{"start":{"line":1,"column":194},"end":{"line":11,"column":1}},"line":1}},"f":{"0":0}}
,"C:\\www\\app-freelancer\\backend\\src\\server.ts": {"path":"C:\\www\\app-freelancer\\backend\\src\\server.ts","all":true,"statementMap":{"0":{"start":{"line":1,"column":0},"end":{"line":1,"column":23}},"1":{"start":{"line":2,"column":0},"end":{"line":2,"column":29}},"3":{"start":{"line":4,"column":0},"end":{"line":4,"column":27}},"4":{"start":{"line":5,"column":0},"end":{"line":5,"column":29}},"5":{"start":{"line":6,"column":0},"end":{"line":6,"column":35}},"6":{"start":{"line":7,"column":0},"end":{"line":7,"column":53}},"7":{"start":{"line":8,"column":0},"end":{"line":8,"column":1}},"8":{"start":{"line":9,"column":0},"end":{"line":9,"column":11}}},"s":{"0":0,"1":0,"3":0,"4":0,"5":0,"6":0,"7":0,"8":0},"branchMap":{"0":{"type":"branch","line":1,"loc":{"start":{"line":1,"column":0},"end":{"line":9,"column":-140}},"locations":[{"start":{"line":1,"column":0},"end":{"line":9,"column":-140}}]}},"b":{"0":[0]},"fnMap":{"0":{"name":"(empty-report)","decl":{"start":{"line":1,"column":0},"end":{"line":9,"column":-140}},"loc":{"start":{"line":1,"column":0},"end":{"line":9,"column":-140}},"line":1}},"f":{"0":0}}
,"C:\\www\\app-freelancer\\backend\\src\\domain\\dtos\\createUserDTO.ts": {"path":"C:\\www\\app-freelancer\\backend\\src\\domain\\dtos\\createUserDTO.ts","all":true,"statementMap":{"0":{"start":{"line":1,"column":0},"end":{"line":1,"column":43}},"3":{"start":{"line":4,"column":0},"end":{"line":4,"column":42}},"4":{"start":{"line":5,"column":0},"end":{"line":5,"column":47}},"5":{"start":{"line":6,"column":0},"end":{"line":6,"column":43}},"6":{"start":{"line":7,"column":0},"end":{"line":7,"column":22}},"7":{"start":{"line":8,"column":0},"end":{"line":8,"column":53}},"8":{"start":{"line":9,"column":0},"end":{"line":9,"column":53}},"9":{"start":{"line":10,"column":0},"end":{"line":10,"column":2}}},"s":{"0":0,"3":0,"4":0,"5":0,"6":0,"7":0,"8":0,"9":0},"branchMap":{"0":{"type":"branch","line":1,"loc":{"start":{"line":1,"column":424},"end":{"line":12,"column":60}},"locations":[{"start":{"line":1,"column":424},"end":{"line":12,"column":60}}]}},"b":{"0":[0]},"fnMap":{"0":{"name":"(empty-report)","decl":{"start":{"line":1,"column":424},"end":{"line":12,"column":60}},"loc":{"start":{"line":1,"column":424},"end":{"line":12,"column":60}},"line":1}},"f":{"0":0}}
,"C:\\www\\app-freelancer\\backend\\src\\domain\\entities\\User.ts": {"path":"C:\\www\\app-freelancer\\backend\\src\\domain\\entities\\User.ts","all":false,"statementMap":{"9":{"start":{"line":10,"column":0},"end":{"line":10,"column":18}},"10":{"start":{"line":11,"column":0},"end":{"line":11,"column":25}},"11":{"start":{"line":12,"column":0},"end":{"line":12,"column":31}},"12":{"start":{"line":13,"column":0},"end":{"line":13,"column":18}},"13":{"start":{"line":14,"column":0},"end":{"line":14,"column":15}},"14":{"start":{"line":15,"column":0},"end":{"line":15,"column":39}},"15":{"start":{"line":16,"column":0},"end":{"line":16,"column":43}},"16":{"start":{"line":17,"column":0},"end":{"line":17,"column":5}},"17":{"start":{"line":18,"column":0},"end":{"line":18,"column":3}},"19":{"start":{"line":20,"column":0},"end":{"line":20,"column":33}},"20":{"start":{"line":21,"column":0},"end":{"line":21,"column":37}},"21":{"start":{"line":22,"column":0},"end":{"line":22,"column":39}},"22":{"start":{"line":23,"column":0},"end":{"line":23,"column":45}},"23":{"start":{"line":24,"column":0},"end":{"line":24,"column":47}},"24":{"start":{"line":25,"column":0},"end":{"line":25,"column":47}},"25":{"start":{"line":26,"column":0},"end":{"line":26,"column":1}}},"s":{"9":1,"10":1,"11":1,"12":1,"13":1,"14":1,"15":1,"16":1,"17":1,"19":1,"20":1,"21":1,"22":1,"23":1,"24":1,"25":1},"branchMap":{"0":{"type":"branch","line":10,"loc":{"start":{"line":10,"column":17},"end":{"line":26,"column":1}},"locations":[{"start":{"line":10,"column":17},"end":{"line":26,"column":1}}]},"1":{"type":"branch","line":12,"loc":{"start":{"line":12,"column":2},"end":{"line":18,"column":3}},"locations":[{"start":{"line":12,"column":2},"end":{"line":18,"column":3}}]},"2":{"type":"branch","line":20,"loc":{"start":{"line":20,"column":2},"end":{"line":20,"column":33}},"locations":[{"start":{"line":20,"column":2},"end":{"line":20,"column":33}}]},"3":{"type":"branch","line":22,"loc":{"start":{"line":22,"column":2},"end":{"line":22,"column":39}},"locations":[{"start":{"line":22,"column":2},"end":{"line":22,"column":39}}]},"4":{"type":"branch","line":24,"loc":{"start":{"line":24,"column":2},"end":{"line":24,"column":47}},"locations":[{"start":{"line":24,"column":2},"end":{"line":24,"column":47}}]},"5":{"type":"branch","line":25,"loc":{"start":{"line":25,"column":2},"end":{"line":25,"column":47}},"locations":[{"start":{"line":25,"column":2},"end":{"line":25,"column":47}}]}},"b":{"0":[1],"1":[1],"2":[1],"3":[1],"4":[1],"5":[1]},"fnMap":{"0":{"name":"<instance_members_initializer>","decl":{"start":{"line":10,"column":17},"end":{"line":26,"column":1}},"loc":{"start":{"line":10,"column":17},"end":{"line":26,"column":1}},"line":10},"1":{"name":"User","decl":{"start":{"line":12,"column":2},"end":{"line":18,"column":3}},"loc":{"start":{"line":12,"column":2},"end":{"line":18,"column":3}},"line":12},"2":{"name":"get id","decl":{"start":{"line":20,"column":2},"end":{"line":20,"column":33}},"loc":{"start":{"line":20,"column":2},"end":{"line":20,"column":33}},"line":20},"3":{"name":"get name","decl":{"start":{"line":21,"column":2},"end":{"line":21,"column":37}},"loc":{"start":{"line":21,"column":2},"end":{"line":21,"column":37}},"line":21},"4":{"name":"get email","decl":{"start":{"line":22,"column":2},"end":{"line":22,"column":39}},"loc":{"start":{"line":22,"column":2},"end":{"line":22,"column":39}},"line":22},"5":{"name":"get password","decl":{"start":{"line":23,"column":2},"end":{"line":23,"column":45}},"loc":{"start":{"line":23,"column":2},"end":{"line":23,"column":45}},"line":23},"6":{"name":"get avatarUrl","decl":{"start":{"line":24,"column":2},"end":{"line":24,"column":47}},"loc":{"start":{"line":24,"column":2},"end":{"line":24,"column":47}},"line":24},"7":{"name":"get createdAt","decl":{"start":{"line":25,"column":2},"end":{"line":25,"column":47}},"loc":{"start":{"line":25,"column":2},"end":{"line":25,"column":47}},"line":25}},"f":{"0":1,"1":1,"2":1,"3":0,"4":1,"5":0,"6":1,"7":1}}
,"C:\\www\\app-freelancer\\backend\\src\\env\\index.ts": {"path":"C:\\www\\app-freelancer\\backend\\src\\env\\index.ts","all":true,"statementMap":{"0":{"start":{"line":1,"column":0},"end":{"line":1,"column":22}},"1":{"start":{"line":2,"column":0},"end":{"line":2,"column":21}},"3":{"start":{"line":4,"column":0},"end":{"line":4,"column":28}},"4":{"start":{"line":5,"column":0},"end":{"line":5,"column":49}},"5":{"start":{"line":6,"column":0},"end":{"line":6,"column":40}},"6":{"start":{"line":7,"column":0},"end":{"line":7,"column":25}},"7":{"start":{"line":8,"column":0},"end":{"line":8,"column":46}},"8":{"start":{"line":9,"column":0},"end":{"line":9,"column":2}},"10":{"start":{"line":11,"column":0},"end":{"line":11,"column":45}},"12":{"start":{"line":13,"column":0},"end":{"line":13,"column":27}},"13":{"start":{"line":14,"column":0},"end":{"line":14,"column":44}},"14":{"start":{"line":15,"column":0},"end":{"line":15,"column":1}},"16":{"start":{"line":17,"column":0},"end":{"line":17,"column":28}}},"s":{"0":0,"1":0,"3":0,"4":0,"5":0,"6":0,"7":0,"8":0,"10":0,"12":0,"13":0,"14":0,"16":0},"branchMap":{"0":{"type":"branch","line":1,"loc":{"start":{"line":1,"column":410},"end":{"line":17,"column":28}},"locations":[{"start":{"line":1,"column":410},"end":{"line":17,"column":28}}]}},"b":{"0":[0]},"fnMap":{"0":{"name":"(empty-report)","decl":{"start":{"line":1,"column":410},"end":{"line":17,"column":28}},"loc":{"start":{"line":1,"column":410},"end":{"line":17,"column":28}},"line":1}},"f":{"0":0}}
}
